[2025-04-20T06:38:50.318+0000] {taskinstance.py:1979} INFO - Dependencies all met for dep_context=non-requeueable deps ti=<TaskInstance: etl_stg_to_dwh_to_mart.task_dwh_to_mart manual__2025-04-20T06:38:32.443251+00:00 [queued]>
[2025-04-20T06:38:50.331+0000] {taskinstance.py:1979} INFO - Dependencies all met for dep_context=requeueable deps ti=<TaskInstance: etl_stg_to_dwh_to_mart.task_dwh_to_mart manual__2025-04-20T06:38:32.443251+00:00 [queued]>
[2025-04-20T06:38:50.332+0000] {taskinstance.py:2193} INFO - Starting attempt 1 of 1
[2025-04-20T06:38:50.352+0000] {taskinstance.py:2217} INFO - Executing <Task(PythonOperator): task_dwh_to_mart> on 2025-04-20 06:38:32.443251+00:00
[2025-04-20T06:38:50.362+0000] {standard_task_runner.py:60} INFO - Started process 293 to run task
[2025-04-20T06:38:50.367+0000] {standard_task_runner.py:87} INFO - Running: ['***', 'tasks', 'run', 'etl_stg_to_dwh_to_mart', 'task_dwh_to_mart', 'manual__2025-04-20T06:38:32.443251+00:00', '--job-id', '10', '--raw', '--subdir', 'DAGS_FOLDER/main_etl.py', '--cfg-path', '/tmp/tmpeinq1cka']
[2025-04-20T06:38:50.369+0000] {standard_task_runner.py:88} INFO - Job 10: Subtask task_dwh_to_mart
[2025-04-20T06:38:50.438+0000] {task_command.py:423} INFO - Running <TaskInstance: etl_stg_to_dwh_to_mart.task_dwh_to_mart manual__2025-04-20T06:38:32.443251+00:00 [running]> on host d53bd6ff311d
[2025-04-20T06:38:50.572+0000] {taskinstance.py:2513} INFO - Exporting env vars: AIRFLOW_CTX_DAG_OWNER='***' AIRFLOW_CTX_DAG_ID='etl_stg_to_dwh_to_mart' AIRFLOW_CTX_TASK_ID='task_dwh_to_mart' AIRFLOW_CTX_EXECUTION_DATE='2025-04-20T06:38:32.443251+00:00' AIRFLOW_CTX_TRY_NUMBER='1' AIRFLOW_CTX_DAG_RUN_ID='manual__2025-04-20T06:38:32.443251+00:00'
[2025-04-20T06:38:50.573+0000] {dwh_to_mart.py:97} INFO - Starting ETL Process...
[2025-04-20T06:38:50.574+0000] {dwh_to_mart.py:46} INFO - Config validation passed
[2025-04-20T06:38:50.574+0000] {dwh_to_mart.py:51} INFO - Extracting data from raw.patient...
[2025-04-20T06:38:50.611+0000] {dwh_to_mart.py:62} INFO - Transforming data for dim_patient...
[2025-04-20T06:38:50.614+0000] {dwh_to_mart.py:72} INFO - Replacing data in dim_patient...
[2025-04-20T06:38:50.680+0000] {dwh_to_mart.py:88} INFO - Data successfully loaded into dim_patient
[2025-04-20T06:38:50.681+0000] {dwh_to_mart.py:51} INFO - Extracting data from raw.condition...
[2025-04-20T06:38:50.714+0000] {dwh_to_mart.py:62} INFO - Transforming data for dim_condition...
[2025-04-20T06:38:50.716+0000] {dwh_to_mart.py:72} INFO - Replacing data in dim_condition...
[2025-04-20T06:38:50.810+0000] {dwh_to_mart.py:88} INFO - Data successfully loaded into dim_condition
[2025-04-20T06:38:50.810+0000] {dwh_to_mart.py:51} INFO - Extracting data from raw.encounter...
[2025-04-20T06:38:50.842+0000] {dwh_to_mart.py:62} INFO - Transforming data for dim_encounter...
[2025-04-20T06:38:50.843+0000] {dwh_to_mart.py:72} INFO - Replacing data in dim_encounter...
[2025-04-20T06:38:50.926+0000] {dwh_to_mart.py:88} INFO - Data successfully loaded into dim_encounter
[2025-04-20T06:38:50.927+0000] {dwh_to_mart.py:51} INFO - Extracting data from raw.claim...
[2025-04-20T06:38:50.959+0000] {dwh_to_mart.py:62} INFO - Transforming data for dim_claim...
[2025-04-20T06:38:50.961+0000] {dwh_to_mart.py:72} INFO - Replacing data in dim_claim...
[2025-04-20T06:38:51.031+0000] {dwh_to_mart.py:88} INFO - Data successfully loaded into dim_claim
[2025-04-20T06:38:51.032+0000] {dwh_to_mart.py:51} INFO - Extracting data from ['raw.patient', 'raw.condition', 'raw.encounter', 'raw.claim', 'model.dim_time']...
[2025-04-20T06:38:51.069+0000] {dwh_to_mart.py:62} INFO - Transforming data for fact_medical_record...
[2025-04-20T06:38:51.070+0000] {dwh_to_mart.py:72} INFO - Replacing data in fact_medical_record...
[2025-04-20T06:38:51.253+0000] {dwh_to_mart.py:88} INFO - Data successfully loaded into fact_medical_record
[2025-04-20T06:38:51.254+0000] {dwh_to_mart.py:103} INFO - ETL Process Completed Successfully!
[2025-04-20T06:38:51.256+0000] {python.py:202} INFO - Done. Returned value was: None
[2025-04-20T06:38:51.279+0000] {taskinstance.py:1149} INFO - Marking task as SUCCESS. dag_id=etl_stg_to_dwh_to_mart, task_id=task_dwh_to_mart, execution_date=20250420T063832, start_date=20250420T063850, end_date=20250420T063851
[2025-04-20T06:38:51.342+0000] {local_task_job_runner.py:234} INFO - Task exited with return code 0
[2025-04-20T06:38:51.385+0000] {taskinstance.py:3312} INFO - 1 downstream tasks scheduled from follow-on schedule check
