[2025-04-20T06:23:44.099+0000] {taskinstance.py:1979} INFO - Dependencies all met for dep_context=non-requeueable deps ti=<TaskInstance: etl_stg_to_dwh_to_mart.run_training_etl_function manual__2025-04-20T06:23:18.782472+00:00 [queued]>
[2025-04-20T06:23:44.115+0000] {taskinstance.py:1979} INFO - Dependencies all met for dep_context=requeueable deps ti=<TaskInstance: etl_stg_to_dwh_to_mart.run_training_etl_function manual__2025-04-20T06:23:18.782472+00:00 [queued]>
[2025-04-20T06:23:44.115+0000] {taskinstance.py:2193} INFO - Starting attempt 1 of 1
[2025-04-20T06:23:44.147+0000] {taskinstance.py:2217} INFO - Executing <Task(PythonOperator): run_training_etl_function> on 2025-04-20 06:23:18.782472+00:00
[2025-04-20T06:23:44.159+0000] {standard_task_runner.py:60} INFO - Started process 211 to run task
[2025-04-20T06:23:44.164+0000] {standard_task_runner.py:87} INFO - Running: ['***', 'tasks', 'run', 'etl_stg_to_dwh_to_mart', 'run_training_etl_function', 'manual__2025-04-20T06:23:18.782472+00:00', '--job-id', '7', '--raw', '--subdir', 'DAGS_FOLDER/main_etl.py', '--cfg-path', '/tmp/tmpavv8tlmw']
[2025-04-20T06:23:44.168+0000] {standard_task_runner.py:88} INFO - Job 7: Subtask run_training_etl_function
[2025-04-20T06:23:44.283+0000] {task_command.py:423} INFO - Running <TaskInstance: etl_stg_to_dwh_to_mart.run_training_etl_function manual__2025-04-20T06:23:18.782472+00:00 [running]> on host 2bbd376576f1
[2025-04-20T06:23:44.487+0000] {taskinstance.py:2513} INFO - Exporting env vars: AIRFLOW_CTX_DAG_OWNER='***' AIRFLOW_CTX_DAG_ID='etl_stg_to_dwh_to_mart' AIRFLOW_CTX_TASK_ID='run_training_etl_function' AIRFLOW_CTX_EXECUTION_DATE='2025-04-20T06:23:18.782472+00:00' AIRFLOW_CTX_TRY_NUMBER='1' AIRFLOW_CTX_DAG_RUN_ID='manual__2025-04-20T06:23:18.782472+00:00'
[2025-04-20T06:23:44.537+0000] {mart_report.py:47} INFO - Materialized view: public.mv_most_diagnose already exists
[2025-04-20T06:23:44.567+0000] {mart_report.py:51} INFO - Successfully refreshed materialized view: public.mv_most_diagnose
[2025-04-20T06:23:44.569+0000] {mart_report.py:47} INFO - Materialized view: public.mv_segmentation_patient already exists
[2025-04-20T06:23:44.623+0000] {mart_report.py:51} INFO - Successfully refreshed materialized view: public.mv_segmentation_patient
[2025-04-20T06:23:44.627+0000] {mart_report.py:47} INFO - Materialized view: public.mv_patient_claim already exists
[2025-04-20T06:23:44.666+0000] {mart_report.py:51} INFO - Successfully refreshed materialized view: public.mv_patient_claim
[2025-04-20T06:23:44.669+0000] {mart_report.py:47} INFO - Materialized view: public.mv_encounter_history already exists
[2025-04-20T06:23:44.699+0000] {mart_report.py:51} INFO - Successfully refreshed materialized view: public.mv_encounter_history
[2025-04-20T06:23:44.700+0000] {python.py:202} INFO - Done. Returned value was: None
[2025-04-20T06:23:44.725+0000] {taskinstance.py:1149} INFO - Marking task as SUCCESS. dag_id=etl_stg_to_dwh_to_mart, task_id=run_training_etl_function, execution_date=20250420T062318, start_date=20250420T062344, end_date=20250420T062344
[2025-04-20T06:23:44.786+0000] {local_task_job_runner.py:234} INFO - Task exited with return code 0
[2025-04-20T06:23:44.829+0000] {taskinstance.py:3312} INFO - 0 downstream tasks scheduled from follow-on schedule check
