[2025-04-20T06:23:44.098+0000] {taskinstance.py:1979} INFO - Dependencies all met for dep_context=non-requeueable deps ti=<TaskInstance: etl_stg_to_dwh_to_mart.run_training_etl_function scheduled__2025-04-19T03:30:00+00:00 [queued]>
[2025-04-20T06:23:44.115+0000] {taskinstance.py:1979} INFO - Dependencies all met for dep_context=requeueable deps ti=<TaskInstance: etl_stg_to_dwh_to_mart.run_training_etl_function scheduled__2025-04-19T03:30:00+00:00 [queued]>
[2025-04-20T06:23:44.116+0000] {taskinstance.py:2193} INFO - Starting attempt 1 of 1
[2025-04-20T06:23:44.154+0000] {taskinstance.py:2217} INFO - Executing <Task(PythonOperator): run_training_etl_function> on 2025-04-19 03:30:00+00:00
[2025-04-20T06:23:44.170+0000] {standard_task_runner.py:60} INFO - Started process 212 to run task
[2025-04-20T06:23:44.179+0000] {standard_task_runner.py:87} INFO - Running: ['***', 'tasks', 'run', 'etl_stg_to_dwh_to_mart', 'run_training_etl_function', 'scheduled__2025-04-19T03:30:00+00:00', '--job-id', '6', '--raw', '--subdir', 'DAGS_FOLDER/main_etl.py', '--cfg-path', '/tmp/tmpjsa7x3wd']
[2025-04-20T06:23:44.184+0000] {standard_task_runner.py:88} INFO - Job 6: Subtask run_training_etl_function
[2025-04-20T06:23:44.297+0000] {task_command.py:423} INFO - Running <TaskInstance: etl_stg_to_dwh_to_mart.run_training_etl_function scheduled__2025-04-19T03:30:00+00:00 [running]> on host 2bbd376576f1
[2025-04-20T06:23:44.493+0000] {taskinstance.py:2513} INFO - Exporting env vars: AIRFLOW_CTX_DAG_OWNER='***' AIRFLOW_CTX_DAG_ID='etl_stg_to_dwh_to_mart' AIRFLOW_CTX_TASK_ID='run_training_etl_function' AIRFLOW_CTX_EXECUTION_DATE='2025-04-19T03:30:00+00:00' AIRFLOW_CTX_TRY_NUMBER='1' AIRFLOW_CTX_DAG_RUN_ID='scheduled__2025-04-19T03:30:00+00:00'
[2025-04-20T06:23:44.537+0000] {mart_report.py:47} INFO - Materialized view: public.mv_most_diagnose already exists
[2025-04-20T06:23:44.555+0000] {mart_report.py:51} INFO - Successfully refreshed materialized view: public.mv_most_diagnose
[2025-04-20T06:23:44.561+0000] {mart_report.py:47} INFO - Materialized view: public.mv_segmentation_patient already exists
[2025-04-20T06:23:44.594+0000] {mart_report.py:51} INFO - Successfully refreshed materialized view: public.mv_segmentation_patient
[2025-04-20T06:23:44.598+0000] {mart_report.py:47} INFO - Materialized view: public.mv_patient_claim already exists
[2025-04-20T06:23:44.643+0000] {mart_report.py:51} INFO - Successfully refreshed materialized view: public.mv_patient_claim
[2025-04-20T06:23:44.648+0000] {mart_report.py:47} INFO - Materialized view: public.mv_encounter_history already exists
[2025-04-20T06:23:44.679+0000] {mart_report.py:51} INFO - Successfully refreshed materialized view: public.mv_encounter_history
[2025-04-20T06:23:44.680+0000] {python.py:202} INFO - Done. Returned value was: None
[2025-04-20T06:23:44.700+0000] {taskinstance.py:1149} INFO - Marking task as SUCCESS. dag_id=etl_stg_to_dwh_to_mart, task_id=run_training_etl_function, execution_date=20250419T033000, start_date=20250420T062344, end_date=20250420T062344
[2025-04-20T06:23:44.799+0000] {local_task_job_runner.py:234} INFO - Task exited with return code 0
[2025-04-20T06:23:44.837+0000] {taskinstance.py:3312} INFO - 0 downstream tasks scheduled from follow-on schedule check
[2025-04-20T06:32:12.102+0000] {taskinstance.py:1979} INFO - Dependencies all met for dep_context=non-requeueable deps ti=<TaskInstance: etl_stg_to_dwh_to_mart.run_training_etl_function scheduled__2025-04-19T03:30:00+00:00 [queued]>
[2025-04-20T06:32:12.115+0000] {taskinstance.py:1979} INFO - Dependencies all met for dep_context=requeueable deps ti=<TaskInstance: etl_stg_to_dwh_to_mart.run_training_etl_function scheduled__2025-04-19T03:30:00+00:00 [queued]>
[2025-04-20T06:32:12.116+0000] {taskinstance.py:2193} INFO - Starting attempt 1 of 1
[2025-04-20T06:32:12.138+0000] {taskinstance.py:2217} INFO - Executing <Task(PythonOperator): run_training_etl_function> on 2025-04-19 03:30:00+00:00
[2025-04-20T06:32:12.146+0000] {standard_task_runner.py:60} INFO - Started process 197 to run task
[2025-04-20T06:32:12.149+0000] {standard_task_runner.py:87} INFO - Running: ['***', 'tasks', 'run', 'etl_stg_to_dwh_to_mart', 'run_training_etl_function', 'scheduled__2025-04-19T03:30:00+00:00', '--job-id', '4', '--raw', '--subdir', 'DAGS_FOLDER/main_etl.py', '--cfg-path', '/tmp/tmpr3foq_d_']
[2025-04-20T06:32:12.154+0000] {standard_task_runner.py:88} INFO - Job 4: Subtask run_training_etl_function
[2025-04-20T06:32:12.225+0000] {task_command.py:423} INFO - Running <TaskInstance: etl_stg_to_dwh_to_mart.run_training_etl_function scheduled__2025-04-19T03:30:00+00:00 [running]> on host d53bd6ff311d
[2025-04-20T06:32:12.346+0000] {taskinstance.py:2513} INFO - Exporting env vars: AIRFLOW_CTX_DAG_OWNER='***' AIRFLOW_CTX_DAG_ID='etl_stg_to_dwh_to_mart' AIRFLOW_CTX_TASK_ID='run_training_etl_function' AIRFLOW_CTX_EXECUTION_DATE='2025-04-19T03:30:00+00:00' AIRFLOW_CTX_TRY_NUMBER='1' AIRFLOW_CTX_DAG_RUN_ID='scheduled__2025-04-19T03:30:00+00:00'
[2025-04-20T06:32:12.376+0000] {mart_report.py:47} INFO - Materialized view: public.mv_most_diagnose already exists
[2025-04-20T06:32:12.386+0000] {mart_report.py:51} INFO - Successfully refreshed materialized view: public.mv_most_diagnose
[2025-04-20T06:32:12.391+0000] {mart_report.py:47} INFO - Materialized view: public.mv_segmentation_patient already exists
[2025-04-20T06:32:12.419+0000] {mart_report.py:51} INFO - Successfully refreshed materialized view: public.mv_segmentation_patient
[2025-04-20T06:32:12.424+0000] {mart_report.py:47} INFO - Materialized view: public.mv_patient_claim already exists
[2025-04-20T06:32:12.447+0000] {mart_report.py:51} INFO - Successfully refreshed materialized view: public.mv_patient_claim
[2025-04-20T06:32:12.452+0000] {mart_report.py:47} INFO - Materialized view: public.mv_encounter_history already exists
[2025-04-20T06:32:12.475+0000] {mart_report.py:51} INFO - Successfully refreshed materialized view: public.mv_encounter_history
[2025-04-20T06:32:12.476+0000] {python.py:202} INFO - Done. Returned value was: None
[2025-04-20T06:32:12.489+0000] {taskinstance.py:1149} INFO - Marking task as SUCCESS. dag_id=etl_stg_to_dwh_to_mart, task_id=run_training_etl_function, execution_date=20250419T033000, start_date=20250420T063212, end_date=20250420T063212
[2025-04-20T06:32:12.523+0000] {local_task_job_runner.py:234} INFO - Task exited with return code 0
[2025-04-20T06:32:12.554+0000] {taskinstance.py:3312} INFO - 0 downstream tasks scheduled from follow-on schedule check
[2025-04-20T06:47:19.157+0000] {taskinstance.py:1979} INFO - Dependencies all met for dep_context=non-requeueable deps ti=<TaskInstance: etl_stg_to_dwh_to_mart.run_training_etl_function scheduled__2025-04-19T03:30:00+00:00 [queued]>
[2025-04-20T06:47:19.175+0000] {taskinstance.py:1979} INFO - Dependencies all met for dep_context=requeueable deps ti=<TaskInstance: etl_stg_to_dwh_to_mart.run_training_etl_function scheduled__2025-04-19T03:30:00+00:00 [queued]>
[2025-04-20T06:47:19.176+0000] {taskinstance.py:2193} INFO - Starting attempt 1 of 1
[2025-04-20T06:47:19.200+0000] {taskinstance.py:2217} INFO - Executing <Task(PythonOperator): run_training_etl_function> on 2025-04-19 03:30:00+00:00
[2025-04-20T06:47:19.211+0000] {standard_task_runner.py:60} INFO - Started process 239 to run task
[2025-04-20T06:47:19.214+0000] {standard_task_runner.py:87} INFO - Running: ['***', 'tasks', 'run', 'etl_stg_to_dwh_to_mart', 'run_training_etl_function', 'scheduled__2025-04-19T03:30:00+00:00', '--job-id', '4', '--raw', '--subdir', 'DAGS_FOLDER/main_etl.py', '--cfg-path', '/tmp/tmpgxhy_oqg']
[2025-04-20T06:47:19.216+0000] {standard_task_runner.py:88} INFO - Job 4: Subtask run_training_etl_function
[2025-04-20T06:47:19.290+0000] {task_command.py:423} INFO - Running <TaskInstance: etl_stg_to_dwh_to_mart.run_training_etl_function scheduled__2025-04-19T03:30:00+00:00 [running]> on host 19902d242682
[2025-04-20T06:47:19.427+0000] {taskinstance.py:2513} INFO - Exporting env vars: AIRFLOW_CTX_DAG_OWNER='***' AIRFLOW_CTX_DAG_ID='etl_stg_to_dwh_to_mart' AIRFLOW_CTX_TASK_ID='run_training_etl_function' AIRFLOW_CTX_EXECUTION_DATE='2025-04-19T03:30:00+00:00' AIRFLOW_CTX_TRY_NUMBER='1' AIRFLOW_CTX_DAG_RUN_ID='scheduled__2025-04-19T03:30:00+00:00'
[2025-04-20T06:47:19.476+0000] {mart_report.py:55} INFO - Creating materialized view: mart.mv_most_diagnose
[2025-04-20T06:47:19.489+0000] {mart_report.py:58} INFO - Materialized view mart.mv_most_diagnose created successfully.
[2025-04-20T06:47:19.494+0000] {mart_report.py:55} INFO - Creating materialized view: mart.mv_segmentation_patient
[2025-04-20T06:47:19.527+0000] {mart_report.py:58} INFO - Materialized view mart.mv_segmentation_patient created successfully.
[2025-04-20T06:47:19.530+0000] {mart_report.py:55} INFO - Creating materialized view: mart.mv_patient_claim
[2025-04-20T06:47:19.558+0000] {mart_report.py:58} INFO - Materialized view mart.mv_patient_claim created successfully.
[2025-04-20T06:47:19.560+0000] {mart_report.py:55} INFO - Creating materialized view: mart.mv_encounter_history
[2025-04-20T06:47:19.582+0000] {mart_report.py:58} INFO - Materialized view mart.mv_encounter_history created successfully.
[2025-04-20T06:47:19.583+0000] {mart_report.py:74} INFO - Process Completed Successfully!
[2025-04-20T06:47:19.583+0000] {python.py:202} INFO - Done. Returned value was: None
[2025-04-20T06:47:19.596+0000] {taskinstance.py:1149} INFO - Marking task as SUCCESS. dag_id=etl_stg_to_dwh_to_mart, task_id=run_training_etl_function, execution_date=20250419T033000, start_date=20250420T064719, end_date=20250420T064719
[2025-04-20T06:47:19.632+0000] {local_task_job_runner.py:234} INFO - Task exited with return code 0
[2025-04-20T06:47:19.656+0000] {taskinstance.py:3312} INFO - 0 downstream tasks scheduled from follow-on schedule check
