[2025-04-19T23:51:29.932+0000] {taskinstance.py:1979} INFO - Dependencies all met for dep_context=non-requeueable deps ti=<TaskInstance: etl_stg_to_dwh_to_mart.task_etl_to_dwh manual__2025-04-19T23:51:27.228191+00:00 [queued]>
[2025-04-19T23:51:29.945+0000] {taskinstance.py:1979} INFO - Dependencies all met for dep_context=requeueable deps ti=<TaskInstance: etl_stg_to_dwh_to_mart.task_etl_to_dwh manual__2025-04-19T23:51:27.228191+00:00 [queued]>
[2025-04-19T23:51:29.946+0000] {taskinstance.py:2193} INFO - Starting attempt 1 of 1
[2025-04-19T23:51:29.968+0000] {taskinstance.py:2217} INFO - Executing <Task(PythonOperator): task_etl_to_dwh> on 2025-04-19 23:51:27.228191+00:00
[2025-04-19T23:51:29.979+0000] {standard_task_runner.py:60} INFO - Started process 195 to run task
[2025-04-19T23:51:29.982+0000] {standard_task_runner.py:87} INFO - Running: ['***', 'tasks', 'run', 'etl_stg_to_dwh_to_mart', 'task_etl_to_dwh', 'manual__2025-04-19T23:51:27.228191+00:00', '--job-id', '2', '--raw', '--subdir', 'DAGS_FOLDER/main_etl.py', '--cfg-path', '/tmp/tmpkc6jkegr']
[2025-04-19T23:51:29.985+0000] {standard_task_runner.py:88} INFO - Job 2: Subtask task_etl_to_dwh
[2025-04-19T23:51:30.053+0000] {task_command.py:423} INFO - Running <TaskInstance: etl_stg_to_dwh_to_mart.task_etl_to_dwh manual__2025-04-19T23:51:27.228191+00:00 [running]> on host e2b06579e88e
[2025-04-19T23:51:30.173+0000] {taskinstance.py:2513} INFO - Exporting env vars: AIRFLOW_CTX_DAG_OWNER='***' AIRFLOW_CTX_DAG_ID='etl_stg_to_dwh_to_mart' AIRFLOW_CTX_TASK_ID='task_etl_to_dwh' AIRFLOW_CTX_EXECUTION_DATE='2025-04-19T23:51:27.228191+00:00' AIRFLOW_CTX_TRY_NUMBER='1' AIRFLOW_CTX_DAG_RUN_ID='manual__2025-04-19T23:51:27.228191+00:00'
[2025-04-19T23:51:30.191+0000] {etl_to_dwh.py:54} INFO - Extract data Darwin703_Cruickshank494_4c9a07e5-1e1c-00a5-2841-2b1e0fce61e3.json...
[2025-04-19T23:51:30.440+0000] {etl_to_dwh.py:54} INFO - Extract data Leonor133_Silvia880_Colunga237_b0f6cc39-6dfd-4ac2-84c7-e7478723d563.json...
[2025-04-19T23:51:31.427+0000] {etl_to_dwh.py:54} INFO - Extract data Dudley365_Blick895_4f159375-4ee4-36ab-b464-6d38f6ff2dae.json...
[2025-04-19T23:51:31.644+0000] {etl_to_dwh.py:54} INFO - Extract data Lon587_Kuhic920_6c602779-9775-f512-2724-fa4e0d0788f5.json...
[2025-04-19T23:51:31.710+0000] {etl_to_dwh.py:54} INFO - Extract data Faustino767_Robel940_be3fe2c4-52da-02bb-e656-00e303e48a42.json...
[2025-04-19T23:51:31.735+0000] {etl_to_dwh.py:54} INFO - Extract data Carolina179_Otero621_5a3a689b-77d6-6c1a-7a86-a9c1b9b6847c.json...
[2025-04-19T23:51:31.908+0000] {etl_to_dwh.py:54} INFO - Extract data Britteny287_Brigida296_Carter549_9e9b5929-6880-fd20-f386-026109e24028.json...
[2025-04-19T23:51:32.046+0000] {etl_to_dwh.py:54} INFO - Extract data Alena861_Danna372_Gusikowski974_bd2a8021-2868-6dd2-c17f-bfd7c36fe247.json...
[2025-04-19T23:51:32.104+0000] {etl_to_dwh.py:54} INFO - Extract data Leticia253_María_Luisa888_Torres807_1c6c9d07-b38f-8fe5-fac9-0edd06a64f85.json...
[2025-04-19T23:51:32.353+0000] {etl_to_dwh.py:54} INFO - Extract data Antonia30_Schuster709_00732e11-5e4d-37b7-01f8-929a25536862.json...
[2025-04-19T23:51:32.387+0000] {etl_to_dwh.py:54} INFO - Extract data Pei116_Anderson154_21d26e56-f4e6-779d-e0d1-bdd371d8e4aa.json...
[2025-04-19T23:51:32.417+0000] {etl_to_dwh.py:54} INFO - Extract data Maris768_Lindgren255_898a6256-7ffb-dbe2-e24d-12fda2fedcfd.json...
[2025-04-19T23:51:33.561+0000] {etl_to_dwh.py:54} INFO - Extract data Aubrey96_Schmidt332_d27273f0-f62d-7d7f-746d-4565f35cf176.json...
[2025-04-19T23:51:33.678+0000] {etl_to_dwh.py:54} INFO - Extract data Adrianne466_Jonnie215_Glover433_99d3b9b2-46c1-ef9e-da70-81ac3d365f52.json...
[2025-04-19T23:51:33.699+0000] {etl_to_dwh.py:54} INFO - Extract data Delilah659_Sanford861_4f7a6432-3814-be2f-eb8a-1db4fe90e12d.json...
[2025-04-19T23:51:33.725+0000] {etl_to_dwh.py:54} INFO - Extract data Leigh689_White193_8635f76c-d1ee-89fe-9051-b90c16afd70c.json...
[2025-04-19T23:51:33.751+0000] {etl_to_dwh.py:54} INFO - Extract data Domenica436_Rau926_3648fb36-1cd1-3641-0b1c-1f00d1e7e7de.json...
[2025-04-19T23:51:33.782+0000] {etl_to_dwh.py:54} INFO - Extract data Diamond340_Keebler762_d6cc7569-5f31-9648-ec6a-e1162b32b183.json...
[2025-04-19T23:51:33.813+0000] {etl_to_dwh.py:54} INFO - Extract data Jimmie93_Doyle959_e335de09-0994-4111-3c15-6edcc17ae4bc.json...
[2025-04-19T23:51:33.986+0000] {etl_to_dwh.py:54} INFO - Extract data Maryjane289_Murazik203_ba459391-501f-22f5-3446-7defd52e5fab.json...
[2025-04-19T23:51:34.054+0000] {etl_to_dwh.py:54} INFO - Extract data Arnulfo253_Jaskolski867_50ca7edb-0dee-35e6-5d8f-66fbcb0b37c1.json...
[2025-04-19T23:51:34.119+0000] {etl_to_dwh.py:54} INFO - Extract data Laurie826_Tisa11_Bechtelar572_17e0bdef-4558-cc1d-2d44-90868cad827b.json...
[2025-04-19T23:51:34.319+0000] {etl_to_dwh.py:54} INFO - Extract data Aracelis412_Greenholt190_bd277bc3-11ad-a0bd-7057-4ec1b705610f.json...
[2025-04-19T23:51:34.362+0000] {etl_to_dwh.py:54} INFO - Extract data Alonzo487_Friesen796_32d7e67e-d2f7-8e45-a332-a763e004976b.json...
[2025-04-19T23:51:34.409+0000] {etl_to_dwh.py:54} INFO - Extract data Dahlia209_Ferry570_4804956b-3c8f-baa7-9a42-87518e486055.json...
[2025-04-19T23:51:34.441+0000] {etl_to_dwh.py:54} INFO - Extract data Princess223_Bobbi508_Schmeler639_33828cb4-a2f6-3a66-fe02-c990fa88af61.json...
[2025-04-19T23:51:34.482+0000] {etl_to_dwh.py:54} INFO - Extract data Tyree261_Champlin946_3d46defd-463f-a34b-4551-f9bbe96575bd.json...
[2025-04-19T23:51:34.733+0000] {etl_to_dwh.py:54} INFO - Extract data Blanca837_Reinger292_f339a5f7-0b09-3072-2b01-7c8e8ca2c1fc.json...
[2025-04-19T23:51:34.771+0000] {etl_to_dwh.py:54} INFO - Extract data Hattie299_Reatha769_Nader710_5e0a6984-38d7-c604-f55f-f1de5e933768.json...
[2025-04-19T23:51:34.796+0000] {etl_to_dwh.py:54} INFO - Extract data Kieth891_McKenzie376_081abe99-9641-1098-8903-61de9e66d9fa.json...
[2025-04-19T23:51:34.838+0000] {etl_to_dwh.py:54} INFO - Extract data Bernetta267_Rutherford999_81df73ed-e648-6a5d-22af-7f24d5fdb4cb.json...
[2025-04-19T23:51:34.854+0000] {etl_to_dwh.py:54} INFO - Extract data Dwight645_Hilll811_45b89342-dc05-8e57-8eee-9ed68ec42378.json...
[2025-04-19T23:51:34.902+0000] {etl_to_dwh.py:54} INFO - Extract data Truman805_Hermiston71_c1ce8dfc-3c0d-de97-ce0e-5dc0460da340.json...
[2025-04-19T23:51:35.085+0000] {etl_to_dwh.py:54} INFO - Extract data Berta524_Ester635_Alemán808_bf40c2b4-4f0d-10cf-a2bb-cbb235e4e437.json...
[2025-04-19T23:51:35.119+0000] {etl_to_dwh.py:54} INFO - Extract data Chana895_Schinner682_36ecae05-0060-b555-716f-303a8c34e914.json...
[2025-04-19T23:51:35.161+0000] {etl_to_dwh.py:54} INFO - Extract data Elsa29_Chapa957_f20c093a-ec77-3358-b0a5-3c298f82ea1f.json...
[2025-04-19T23:51:36.281+0000] {etl_to_dwh.py:54} INFO - Extract data Elna874_Dian810_Prohaska837_d1622e8b-d26b-ec81-ffcb-ec4bf2af385b.json...
[2025-04-19T23:51:36.388+0000] {etl_to_dwh.py:54} INFO - Extract data Willian804_Keeling57_c1acd7ba-dacf-36d2-6010-db8934400000.json...
[2025-04-19T23:51:36.432+0000] {etl_to_dwh.py:54} INFO - Extract data Aleen595_Alanna27_Rogahn59_5358446e-e631-c640-5880-c6cf99dc8bed.json...
[2025-04-19T23:51:36.608+0000] {etl_to_dwh.py:54} INFO - Extract data Hunter736_Gerlach374_7179458e-d6e3-c723-2530-d4acfe1c2668.json...
[2025-04-19T23:51:36.633+0000] {etl_to_dwh.py:54} INFO - Extract data Trinidad33_King743_18d9f8cb-b3b2-5e9f-4c62-5a82a90c0141.json...
[2025-04-19T23:51:36.655+0000] {etl_to_dwh.py:54} INFO - Extract data Gilbert263_Marvin195_8656f713-282f-e5f6-cc7e-346a573ef3b5.json...
[2025-04-19T23:51:36.693+0000] {etl_to_dwh.py:54} INFO - Extract data Dolly486_Franecki195_da7b1f55-c782-544f-ba8c-fe69d519dc85.json...
[2025-04-19T23:51:36.734+0000] {etl_to_dwh.py:54} INFO - Extract data Signe792_Salley758_Waters156_778f10bc-09e5-8e86-64e8-bffa36d47246.json...
[2025-04-19T23:51:37.206+0000] {etl_to_dwh.py:54} INFO - Extract data Grady603_Swaniawski813_cb1b46a1-9cb5-1187-ccc5-9fb7b98aa957.json...
[2025-04-19T23:51:37.534+0000] {etl_to_dwh.py:54} INFO - Extract data Homero668_Vigil207_fb164202-4e38-04a0-470a-b7229db13c04.json...
[2025-04-19T23:51:37.589+0000] {etl_to_dwh.py:54} INFO - Extract data Clair921_O'Reilly797_8a25981a-eb31-cb7c-047d-8249f6111a3e.json...
[2025-04-19T23:51:37.655+0000] {etl_to_dwh.py:54} INFO - Extract data Ulysses632_Schiller186_5032b4e1-c68e-b135-30ac-ad7e386b619b.json...
[2025-04-19T23:51:37.683+0000] {etl_to_dwh.py:54} INFO - Extract data Yun266_Ernser583_37713015-cfb5-bf1a-70eb-970101f32341.json...
[2025-04-19T23:51:37.742+0000] {etl_to_dwh.py:54} INFO - Extract data Ramiro608_Moreno82_bcd4d6cd-0c79-a19e-5b9e-64816e3fd72d.json...
[2025-04-19T23:51:37.798+0000] {etl_to_dwh.py:54} INFO - Extract data Teresa94_Pichardo350_74ad71cb-f64d-efce-02c9-ae3bc917c4a2.json...
[2025-04-19T23:51:38.068+0000] {etl_to_dwh.py:54} INFO - Extract data Tambra47_Balistreri607_916b1ac8-56c8-ec1b-3b9a-721336a74912.json...
[2025-04-19T23:51:38.115+0000] {etl_to_dwh.py:54} INFO - Extract data Harley673_Goldner995_699d2e19-7af4-de30-b430-ae854f5f690d.json...
[2025-04-19T23:51:38.155+0000] {etl_to_dwh.py:54} INFO - Extract data Moses679_Friesen796_98cbb02b-c16a-60e4-1ff0-37c0e45e0e9f.json...
[2025-04-19T23:51:38.338+0000] {etl_to_dwh.py:54} INFO - Extract data Jolyn4_Kattie846_Ortiz186_d5635f98-2461-70a1-5916-f854efa27fc0.json...
[2025-04-19T23:51:38.385+0000] {etl_to_dwh.py:54} INFO - Extract data Homero668_Quiñones183_5c779b5a-b6f0-2954-0c1c-9855c010d4d0.json...
[2025-04-19T23:51:38.405+0000] {etl_to_dwh.py:54} INFO - Extract data Arthur650_Roberts511_ec1a6cad-8825-7b5c-4e14-257c696d5f11.json...
[2025-04-19T23:51:38.439+0000] {etl_to_dwh.py:54} INFO - Extract data Nichol11_Stiedemann542_d3526c15-a6eb-ec69-d2ce-7f4dfac7fc5e.json...
[2025-04-19T23:51:38.458+0000] {etl_to_dwh.py:54} INFO - Extract data Tomás404_Benavides239_0689b59f-0721-5384-9294-def3c13db427.json...
[2025-04-19T23:51:38.477+0000] {etl_to_dwh.py:54} INFO - Extract data Robin66_Gleichner915_0fef2411-21f0-a269-82fb-c42b55471405.json...
[2025-04-19T23:51:38.498+0000] {etl_to_dwh.py:54} INFO - Extract data practitionerInformation1730906375349.json...
[2025-04-19T23:51:38.668+0000] {etl_to_dwh.py:54} INFO - Extract data Erasmo545_Connelly992_3e96ffd1-e286-f5ac-1606-539e37c7c46a.json...
[2025-04-19T23:51:38.726+0000] {etl_to_dwh.py:54} INFO - Extract data Anita473_Berta524_Sánchez310_d426334c-a982-3a31-7e0f-ca3c7fe01310.json...
[2025-04-19T23:51:38.774+0000] {etl_to_dwh.py:54} INFO - Extract data Margarette462_Britt177_West559_cca2c7f0-a2aa-94e5-ccea-cb78a7d38652.json...
[2025-04-19T23:51:38.794+0000] {etl_to_dwh.py:54} INFO - Extract data Sunday568_Lavonne167_Mitchell808_f07e12ed-dff4-6161-3d23-8f043c4e316d.json...
[2025-04-19T23:51:38.990+0000] {etl_to_dwh.py:54} INFO - Extract data Nathanael908_Wisozk929_f07fac6b-0a84-7874-f0d2-e1a1e1cffa09.json...
[2025-04-19T23:51:39.011+0000] {etl_to_dwh.py:54} INFO - Extract data Dominick530_Schiller186_116916b1-0b2b-e099-1b72-e8935f3bea0f.json...
[2025-04-19T23:51:39.031+0000] {etl_to_dwh.py:54} INFO - Extract data Dan465_Brakus656_b05fba34-1719-c0de-ac25-16e65de3d26a.json...
[2025-04-19T23:51:39.076+0000] {etl_to_dwh.py:54} INFO - Extract data Herbert830_Klocko335_8935bc21-92f0-a4ad-d8b4-bcdd5b92204a.json...
[2025-04-19T23:51:39.091+0000] {etl_to_dwh.py:54} INFO - Extract data Lael572_Schuppe920_3c7e37b0-c610-bc9a-d75a-f782e5dc7598.json...
[2025-04-19T23:51:39.103+0000] {etl_to_dwh.py:54} INFO - Extract data Wade235_Emmerich580_13cc1678-474c-7932-a719-c64f3a7adc9f.json...
[2025-04-19T23:51:39.290+0000] {etl_to_dwh.py:54} INFO - Extract data Yolanda648_Baca589_355f70c7-b1f4-b1db-8843-56b8b193a30c.json...
[2025-04-19T23:51:39.313+0000] {etl_to_dwh.py:54} INFO - Extract data Fabian647_Hayes766_de480ca4-19a6-f2e0-7922-1c51e7c8dcb8.json...
[2025-04-19T23:51:39.355+0000] {etl_to_dwh.py:54} INFO - Extract data Marisha663_Carter549_0bc53e6a-8820-ded4-57c5-7ccc6355354c.json...
[2025-04-19T23:51:39.387+0000] {etl_to_dwh.py:54} INFO - Extract data Stanton715_Kassulke119_780fe740-20fb-07ee-1fbd-3fafa9f5df91.json...
[2025-04-19T23:51:39.420+0000] {etl_to_dwh.py:54} INFO - Extract data Vivien121_Brakus656_5279920f-e303-9dca-844d-82ed5485f5da.json...
[2025-04-19T23:51:39.465+0000] {etl_to_dwh.py:54} INFO - Extract data Aleisha941_Treutel973_2d799deb-df07-0c4a-8692-42cce7595251.json...
[2025-04-19T23:51:39.492+0000] {etl_to_dwh.py:54} INFO - Extract data Marylee823_Trantow673_97df0b48-a67b-9b95-31c0-99bd722fd28e.json...
[2025-04-19T23:51:39.507+0000] {etl_to_dwh.py:54} INFO - Extract data Todd315_Abernathy524_a0b3ad14-4bd2-3abd-b02e-9116247d9fea.json...
[2025-04-19T23:51:39.524+0000] {etl_to_dwh.py:54} INFO - Extract data Bennie663_Ebert178_34a4dcc4-35fb-6ad5-ab98-be285c586a4f.json...
[2025-04-19T23:51:39.676+0000] {etl_to_dwh.py:54} INFO - Extract data Kimbery217_Schuppe920_2ce5c76d-8d65-1347-33c5-7d0cbf3f1b2b.json...
[2025-04-19T23:51:39.697+0000] {etl_to_dwh.py:54} INFO - Extract data Christopher407_Brakus656_9933f4bd-106c-b41d-467a-94ec42baeb81.json...
[2025-04-19T23:51:39.738+0000] {etl_to_dwh.py:54} INFO - Extract data Carlyn477_Florencia449_Williamson769_37c177ea-4398-fb7a-29fa-70eb3d673876.json...
[2025-04-19T23:51:39.786+0000] {etl_to_dwh.py:54} INFO - Extract data Nicki254_Jacobi462_c055bc9e-ce1a-b116-287a-be9162e35a2f.json...
[2025-04-19T23:51:39.822+0000] {etl_to_dwh.py:54} INFO - Extract data Lauralee67_Taren286_Sauer652_e73d2c53-6e7e-13b9-d296-460e42e6014a.json...
[2025-04-19T23:51:39.842+0000] {etl_to_dwh.py:54} INFO - Extract data hospitalInformation1730906375349.json...
[2025-04-19T23:51:41.098+0000] {etl_to_dwh.py:54} INFO - Extract data German382_Ebert178_bad5a231-3709-952a-cf44-f8d6a52cc214.json...
[2025-04-19T23:51:41.213+0000] {etl_to_dwh.py:54} INFO - Extract data Aurea194_Weissnat378_12696753-a126-88f4-da66-a87c70d2cad7.json...
[2025-04-19T23:51:41.262+0000] {etl_to_dwh.py:54} INFO - Extract data Tamara8_Schinner682_c3deeb5b-66ef-b1bf-0202-0e5ce485d30f.json...
[2025-04-19T23:51:41.433+0000] {etl_to_dwh.py:54} INFO - Extract data Ettie537_Farrell962_d8638449-e632-1ac7-6695-eb60c8773813.json...
[2025-04-19T23:51:41.461+0000] {etl_to_dwh.py:54} INFO - Extract data Carson894_Littel644_dc323bce-e583-d903-303e-9c865bc87e67.json...
[2025-04-19T23:51:41.495+0000] {etl_to_dwh.py:54} INFO - Extract data Sylvia544_Margherita470_Langworth352_488e5395-0a2a-f2da-0389-e0e8062b009d.json...
[2025-04-19T23:51:41.541+0000] {etl_to_dwh.py:54} INFO - Extract data Hershel911_Grant908_60fc807a-de74-7722-b431-a63362670472.json...
[2025-04-19T23:51:41.587+0000] {etl_to_dwh.py:54} INFO - Extract data Elvera717_Koepp521_8d2a62f2-d630-6288-93ee-0fea3f859560.json...
[2025-04-19T23:51:42.344+0000] {etl_to_dwh.py:54} INFO - Extract data Boyd728_Bosco882_f3884e8a-8b36-1e93-66dd-e910dfab2ef5.json...
[2025-04-19T23:51:42.439+0000] {etl_to_dwh.py:54} INFO - Extract data Khadijah960_Maryalice613_Veum823_9e24368b-f85b-f38f-ae0b-db191e224335.json...
[2025-04-19T23:51:43.079+0000] {etl_to_dwh.py:54} INFO - Extract data Zenia843_Genesis248_Weimann465_655baba7-47ed-22ac-2093-1196ebb44928.json...
[2025-04-19T23:51:43.155+0000] {etl_to_dwh.py:54} INFO - Extract data Lorenzo669_Hartmann983_3ec070e8-7f78-6a8b-12d7-9ee9808012e0.json...
[2025-04-19T23:51:43.182+0000] {etl_to_dwh.py:54} INFO - Extract data Caryl47_Kassulke119_4569671e-ed39-055f-8e78-422b96c9896b.json...
[2025-04-19T23:51:43.205+0000] {etl_to_dwh.py:54} INFO - Extract data Leo278_Franecki195_27eb7bda-3896-d2f9-47a7-4d739283e770.json...
[2025-04-19T23:51:43.231+0000] {etl_to_dwh.py:54} INFO - Extract data Lahoma872_Greenholt190_03bde354-de87-a404-4ab3-00edf0b184a7.json...
[2025-04-19T23:51:43.269+0000] {etl_to_dwh.py:54} INFO - Extract data Ada662_Sari509_Balistreri607_dbc4a3f7-9c69-4435-3ce3-4e1988ab6b91.json...
[2025-04-19T23:51:43.443+0000] {etl_to_dwh.py:54} INFO - Extract data Eva64_Gloria696_Gurule738_87cb7301-9d12-b048-416d-2b290eed1bde.json...
[2025-04-19T23:51:43.530+0000] {etl_to_dwh.py:54} INFO - Extract data Pauletta164_Spencer878_65016a46-14f4-d19a-f82f-10299aba4c14.json...
[2025-04-19T23:51:43.584+0000] {etl_to_dwh.py:54} INFO - Extract data Jeana169_Weimann465_2bd4d47d-5e00-3b67-cdd7-03f4b811b711.json...
[2025-04-19T23:51:43.634+0000] {etl_to_dwh.py:54} INFO - Extract data Hershel911_Labadie908_24a8f8bc-f502-5f0e-0dd7-27d64a15ed9e.json...
[2025-04-19T23:51:44.186+0000] {etl_to_dwh.py:54} INFO - Extract data Cathy455_Lanita675_Wolff180_14dc5e57-1b84-3305-c042-86c9fc7e4996.json...
[2025-04-19T23:51:44.225+0000] {etl_to_dwh.py:54} INFO - Extract data Joshua658_Kunde533_30a6452c-4297-a1ac-977a-6a23237c7b46.json...
[2025-04-19T23:51:44.264+0000] {etl_to_dwh.py:224} INFO - Successfully saved 108 patients to /opt/***/cleaned/patient.csv
[2025-04-19T23:51:44.270+0000] {etl_to_dwh.py:228} INFO - Successfully saved 108 encounters to /opt/***/cleaned/encounter.csv
[2025-04-19T23:51:44.272+0000] {etl_to_dwh.py:232} INFO - Successfully saved 108 conditions to /opt/***/cleaned/condition.csv
[2025-04-19T23:51:44.278+0000] {etl_to_dwh.py:236} INFO - Successfully saved 108 claims to /opt/***/cleaned/claim.csv
[2025-04-19T23:51:44.280+0000] {logging_mixin.py:188} INFO - Processing /opt/***/cleaned/patient.csv...
[2025-04-19T23:51:44.290+0000] {etl_to_dwh.py:262} INFO - Drop duplication in /opt/***/cleaned/patient.csv...
[2025-04-19T23:51:44.311+0000] {etl_to_dwh.py:275} INFO - Transformed file saved as: /opt/***/cleaned/patient.csv
[2025-04-19T23:51:44.311+0000] {logging_mixin.py:188} INFO - Processing /opt/***/cleaned/encounter.csv...
[2025-04-19T23:51:44.318+0000] {etl_to_dwh.py:262} INFO - Drop duplication in /opt/***/cleaned/encounter.csv...
[2025-04-19T23:51:44.320+0000] {etl_to_dwh.py:267} INFO - Change data format for column Start Encounter...
[2025-04-19T23:51:44.352+0000] {etl_to_dwh.py:267} INFO - Change data format for column End Encounter...
[2025-04-19T23:51:44.359+0000] {etl_to_dwh.py:275} INFO - Transformed file saved as: /opt/***/cleaned/encounter.csv
[2025-04-19T23:51:44.359+0000] {logging_mixin.py:188} INFO - Processing /opt/***/cleaned/condition.csv...
[2025-04-19T23:51:44.363+0000] {etl_to_dwh.py:262} INFO - Drop duplication in /opt/***/cleaned/condition.csv...
[2025-04-19T23:51:44.367+0000] {etl_to_dwh.py:267} INFO - Change data format for column On Set Date...
[2025-04-19T23:51:44.371+0000] {etl_to_dwh.py:267} INFO - Change data format for column Recorded Date...
[2025-04-19T23:51:44.377+0000] {etl_to_dwh.py:275} INFO - Transformed file saved as: /opt/***/cleaned/condition.csv
[2025-04-19T23:51:44.377+0000] {logging_mixin.py:188} INFO - Processing /opt/***/cleaned/claim.csv...
[2025-04-19T23:51:44.383+0000] {etl_to_dwh.py:262} INFO - Drop duplication in /opt/***/cleaned/claim.csv...
[2025-04-19T23:51:44.387+0000] {etl_to_dwh.py:267} INFO - Change data format for column billablePeriod Start...
[2025-04-19T23:51:44.390+0000] {etl_to_dwh.py:267} INFO - Change data format for column billablePeriod End...
[2025-04-19T23:51:44.393+0000] {etl_to_dwh.py:267} INFO - Change data format for column Created Date...
[2025-04-19T23:51:44.403+0000] {etl_to_dwh.py:275} INFO - Transformed file saved as: /opt/***/cleaned/claim.csv
[2025-04-19T23:51:44.404+0000] {etl_to_dwh.py:277} INFO - Transformation completed.
[2025-04-19T23:51:44.405+0000] {etl_to_dwh.py:306} INFO - Processing condition.csv...
[2025-04-19T23:51:44.405+0000] {etl_to_dwh.py:307} INFO - Load condition.csv to Staging schema...
[2025-04-19T23:51:44.447+0000] {taskinstance.py:2731} ERROR - Task failed with exception
Traceback (most recent call last):
  File "/home/airflow/.local/lib/python3.8/site-packages/sqlalchemy/engine/base.py", line 3371, in _wrap_pool_connect
    return fn()
  File "/home/airflow/.local/lib/python3.8/site-packages/sqlalchemy/pool/base.py", line 327, in connect
    return _ConnectionFairy._checkout(self)
  File "/home/airflow/.local/lib/python3.8/site-packages/sqlalchemy/pool/base.py", line 894, in _checkout
    fairy = _ConnectionRecord.checkout(pool)
  File "/home/airflow/.local/lib/python3.8/site-packages/sqlalchemy/pool/base.py", line 493, in checkout
    rec = pool._do_get()
  File "/home/airflow/.local/lib/python3.8/site-packages/sqlalchemy/pool/impl.py", line 146, in _do_get
    self._dec_overflow()
  File "/home/airflow/.local/lib/python3.8/site-packages/sqlalchemy/util/langhelpers.py", line 70, in __exit__
    compat.raise_(
  File "/home/airflow/.local/lib/python3.8/site-packages/sqlalchemy/util/compat.py", line 211, in raise_
    raise exception
  File "/home/airflow/.local/lib/python3.8/site-packages/sqlalchemy/pool/impl.py", line 143, in _do_get
    return self._create_connection()
  File "/home/airflow/.local/lib/python3.8/site-packages/sqlalchemy/pool/base.py", line 273, in _create_connection
    return _ConnectionRecord(self)
  File "/home/airflow/.local/lib/python3.8/site-packages/sqlalchemy/pool/base.py", line 388, in __init__
    self.__connect()
  File "/home/airflow/.local/lib/python3.8/site-packages/sqlalchemy/pool/base.py", line 691, in __connect
    pool.logger.debug("Error on connect(): %s", e)
  File "/home/airflow/.local/lib/python3.8/site-packages/sqlalchemy/util/langhelpers.py", line 70, in __exit__
    compat.raise_(
  File "/home/airflow/.local/lib/python3.8/site-packages/sqlalchemy/util/compat.py", line 211, in raise_
    raise exception
  File "/home/airflow/.local/lib/python3.8/site-packages/sqlalchemy/pool/base.py", line 686, in __connect
    self.dbapi_connection = connection = pool._invoke_creator(self)
  File "/home/airflow/.local/lib/python3.8/site-packages/sqlalchemy/engine/create.py", line 574, in connect
    return dialect.connect(*cargs, **cparams)
  File "/home/airflow/.local/lib/python3.8/site-packages/sqlalchemy/engine/default.py", line 598, in connect
    return self.dbapi.connect(*cargs, **cparams)
  File "/home/airflow/.local/lib/python3.8/site-packages/psycopg2/__init__.py", line 122, in connect
    conn = _connect(dsn, connection_factory=connection_factory, **kwasync)
psycopg2.OperationalError: connection to server at "localhost" (::1), port 5432 failed: Connection refused
	Is the server running on that host and accepting TCP/IP connections?
connection to server at "localhost" (127.0.0.1), port 5432 failed: Connection refused
	Is the server running on that host and accepting TCP/IP connections?


The above exception was the direct cause of the following exception:

Traceback (most recent call last):
  File "/home/airflow/.local/lib/python3.8/site-packages/airflow/models/taskinstance.py", line 444, in _execute_task
    result = _execute_callable(context=context, **execute_callable_kwargs)
  File "/home/airflow/.local/lib/python3.8/site-packages/airflow/models/taskinstance.py", line 414, in _execute_callable
    return execute_callable(context=context, **execute_callable_kwargs)
  File "/home/airflow/.local/lib/python3.8/site-packages/airflow/operators/python.py", line 200, in execute
    return_value = self.execute_callable()
  File "/home/airflow/.local/lib/python3.8/site-packages/airflow/operators/python.py", line 217, in execute_callable
    return self.python_callable(*self.op_args, **self.op_kwargs)
  File "/opt/airflow/script_etl/etl_to_dwh.py", line 381, in run_etl_to_dwh
    load_csv("/opt/airflow/transformed/")
  File "/opt/airflow/script_etl/etl_to_dwh.py", line 333, in load_csv
    df.to_sql(table_name, engine, schema=schema, if_exists='replace', index=False)
  File "/home/airflow/.local/lib/python3.8/site-packages/pandas/core/generic.py", line 2878, in to_sql
    return sql.to_sql(
  File "/home/airflow/.local/lib/python3.8/site-packages/pandas/io/sql.py", line 768, in to_sql
    with pandasSQL_builder(con, schema=schema, need_transaction=True) as pandas_sql:
  File "/home/airflow/.local/lib/python3.8/site-packages/pandas/io/sql.py", line 832, in pandasSQL_builder
    return SQLDatabase(con, schema, need_transaction)
  File "/home/airflow/.local/lib/python3.8/site-packages/pandas/io/sql.py", line 1539, in __init__
    con = self.exit_stack.enter_context(con.connect())
  File "/home/airflow/.local/lib/python3.8/site-packages/sqlalchemy/engine/base.py", line 3325, in connect
    return self._connection_cls(self, close_with_result=close_with_result)
  File "/home/airflow/.local/lib/python3.8/site-packages/sqlalchemy/engine/base.py", line 96, in __init__
    else engine.raw_connection()
  File "/home/airflow/.local/lib/python3.8/site-packages/sqlalchemy/engine/base.py", line 3404, in raw_connection
    return self._wrap_pool_connect(self.pool.connect, _connection)
  File "/home/airflow/.local/lib/python3.8/site-packages/sqlalchemy/engine/base.py", line 3374, in _wrap_pool_connect
    Connection._handle_dbapi_exception_noconnection(
  File "/home/airflow/.local/lib/python3.8/site-packages/sqlalchemy/engine/base.py", line 2208, in _handle_dbapi_exception_noconnection
    util.raise_(
  File "/home/airflow/.local/lib/python3.8/site-packages/sqlalchemy/util/compat.py", line 211, in raise_
    raise exception
  File "/home/airflow/.local/lib/python3.8/site-packages/sqlalchemy/engine/base.py", line 3371, in _wrap_pool_connect
    return fn()
  File "/home/airflow/.local/lib/python3.8/site-packages/sqlalchemy/pool/base.py", line 327, in connect
    return _ConnectionFairy._checkout(self)
  File "/home/airflow/.local/lib/python3.8/site-packages/sqlalchemy/pool/base.py", line 894, in _checkout
    fairy = _ConnectionRecord.checkout(pool)
  File "/home/airflow/.local/lib/python3.8/site-packages/sqlalchemy/pool/base.py", line 493, in checkout
    rec = pool._do_get()
  File "/home/airflow/.local/lib/python3.8/site-packages/sqlalchemy/pool/impl.py", line 146, in _do_get
    self._dec_overflow()
  File "/home/airflow/.local/lib/python3.8/site-packages/sqlalchemy/util/langhelpers.py", line 70, in __exit__
    compat.raise_(
  File "/home/airflow/.local/lib/python3.8/site-packages/sqlalchemy/util/compat.py", line 211, in raise_
    raise exception
  File "/home/airflow/.local/lib/python3.8/site-packages/sqlalchemy/pool/impl.py", line 143, in _do_get
    return self._create_connection()
  File "/home/airflow/.local/lib/python3.8/site-packages/sqlalchemy/pool/base.py", line 273, in _create_connection
    return _ConnectionRecord(self)
  File "/home/airflow/.local/lib/python3.8/site-packages/sqlalchemy/pool/base.py", line 388, in __init__
    self.__connect()
  File "/home/airflow/.local/lib/python3.8/site-packages/sqlalchemy/pool/base.py", line 691, in __connect
    pool.logger.debug("Error on connect(): %s", e)
  File "/home/airflow/.local/lib/python3.8/site-packages/sqlalchemy/util/langhelpers.py", line 70, in __exit__
    compat.raise_(
  File "/home/airflow/.local/lib/python3.8/site-packages/sqlalchemy/util/compat.py", line 211, in raise_
    raise exception
  File "/home/airflow/.local/lib/python3.8/site-packages/sqlalchemy/pool/base.py", line 686, in __connect
    self.dbapi_connection = connection = pool._invoke_creator(self)
  File "/home/airflow/.local/lib/python3.8/site-packages/sqlalchemy/engine/create.py", line 574, in connect
    return dialect.connect(*cargs, **cparams)
  File "/home/airflow/.local/lib/python3.8/site-packages/sqlalchemy/engine/default.py", line 598, in connect
    return self.dbapi.connect(*cargs, **cparams)
  File "/home/airflow/.local/lib/python3.8/site-packages/psycopg2/__init__.py", line 122, in connect
    conn = _connect(dsn, connection_factory=connection_factory, **kwasync)
sqlalchemy.exc.OperationalError: (psycopg2.OperationalError) connection to server at "localhost" (::1), port 5432 failed: Connection refused
	Is the server running on that host and accepting TCP/IP connections?
connection to server at "localhost" (127.0.0.1), port 5432 failed: Connection refused
	Is the server running on that host and accepting TCP/IP connections?

(Background on this error at: https://sqlalche.me/e/14/e3q8)
[2025-04-19T23:51:44.487+0000] {taskinstance.py:1149} INFO - Marking task as FAILED. dag_id=etl_stg_to_dwh_to_mart, task_id=task_etl_to_dwh, execution_date=20250419T235127, start_date=20250419T235129, end_date=20250419T235144
[2025-04-19T23:51:44.510+0000] {standard_task_runner.py:107} ERROR - Failed to execute job 2 for task task_etl_to_dwh ((psycopg2.OperationalError) connection to server at "localhost" (::1), port 5432 failed: Connection refused
	Is the server running on that host and accepting TCP/IP connections?
connection to server at "localhost" (127.0.0.1), port 5432 failed: Connection refused
	Is the server running on that host and accepting TCP/IP connections?

(Background on this error at: https://sqlalche.me/e/14/e3q8); 195)
[2025-04-19T23:51:44.541+0000] {local_task_job_runner.py:234} INFO - Task exited with return code 1
[2025-04-19T23:51:44.576+0000] {taskinstance.py:3312} INFO - 0 downstream tasks scheduled from follow-on schedule check
