[2025-04-20T06:23:41.674+0000] {taskinstance.py:1979} INFO - Dependencies all met for dep_context=non-requeueable deps ti=<TaskInstance: etl_stg_to_dwh_to_mart.task_dwh_to_mart scheduled__2025-04-19T03:30:00+00:00 [queued]>
[2025-04-20T06:23:41.691+0000] {taskinstance.py:1979} INFO - Dependencies all met for dep_context=requeueable deps ti=<TaskInstance: etl_stg_to_dwh_to_mart.task_dwh_to_mart scheduled__2025-04-19T03:30:00+00:00 [queued]>
[2025-04-20T06:23:41.692+0000] {taskinstance.py:2193} INFO - Starting attempt 1 of 1
[2025-04-20T06:23:41.726+0000] {taskinstance.py:2217} INFO - Executing <Task(PythonOperator): task_dwh_to_mart> on 2025-04-19 03:30:00+00:00
[2025-04-20T06:23:41.739+0000] {standard_task_runner.py:60} INFO - Started process 206 to run task
[2025-04-20T06:23:41.744+0000] {standard_task_runner.py:87} INFO - Running: ['***', 'tasks', 'run', 'etl_stg_to_dwh_to_mart', 'task_dwh_to_mart', 'scheduled__2025-04-19T03:30:00+00:00', '--job-id', '5', '--raw', '--subdir', 'DAGS_FOLDER/main_etl.py', '--cfg-path', '/tmp/tmpf4g_x40q']
[2025-04-20T06:23:41.747+0000] {standard_task_runner.py:88} INFO - Job 5: Subtask task_dwh_to_mart
[2025-04-20T06:23:41.846+0000] {task_command.py:423} INFO - Running <TaskInstance: etl_stg_to_dwh_to_mart.task_dwh_to_mart scheduled__2025-04-19T03:30:00+00:00 [running]> on host 2bbd376576f1
[2025-04-20T06:23:42.014+0000] {taskinstance.py:2513} INFO - Exporting env vars: AIRFLOW_CTX_DAG_OWNER='***' AIRFLOW_CTX_DAG_ID='etl_stg_to_dwh_to_mart' AIRFLOW_CTX_TASK_ID='task_dwh_to_mart' AIRFLOW_CTX_EXECUTION_DATE='2025-04-19T03:30:00+00:00' AIRFLOW_CTX_TRY_NUMBER='1' AIRFLOW_CTX_DAG_RUN_ID='scheduled__2025-04-19T03:30:00+00:00'
[2025-04-20T06:23:42.016+0000] {dwh_to_mart.py:97} INFO - Starting ETL Process...
[2025-04-20T06:23:42.016+0000] {dwh_to_mart.py:46} INFO - Config validation passed
[2025-04-20T06:23:42.017+0000] {dwh_to_mart.py:51} INFO - Extracting data from raw.patient...
[2025-04-20T06:23:42.089+0000] {dwh_to_mart.py:62} INFO - Transforming data for dim_patient...
[2025-04-20T06:23:42.093+0000] {dwh_to_mart.py:72} INFO - Replacing data in dim_patient...
[2025-04-20T06:23:42.166+0000] {dwh_to_mart.py:90} ERROR - Error replacing data in dim_patient: 'Connection' object has no attribute 'commit'
[2025-04-20T06:23:42.167+0000] {dwh_to_mart.py:105} ERROR - ETL process failed: 'Connection' object has no attribute 'commit'
[2025-04-20T06:23:42.167+0000] {python.py:202} INFO - Done. Returned value was: None
[2025-04-20T06:23:42.194+0000] {taskinstance.py:1149} INFO - Marking task as SUCCESS. dag_id=etl_stg_to_dwh_to_mart, task_id=task_dwh_to_mart, execution_date=20250419T033000, start_date=20250420T062341, end_date=20250420T062342
[2025-04-20T06:23:42.281+0000] {local_task_job_runner.py:234} INFO - Task exited with return code 0
[2025-04-20T06:23:42.339+0000] {taskinstance.py:3312} INFO - 1 downstream tasks scheduled from follow-on schedule check
[2025-04-20T06:32:10.124+0000] {taskinstance.py:1979} INFO - Dependencies all met for dep_context=non-requeueable deps ti=<TaskInstance: etl_stg_to_dwh_to_mart.task_dwh_to_mart scheduled__2025-04-19T03:30:00+00:00 [queued]>
[2025-04-20T06:32:10.142+0000] {taskinstance.py:1979} INFO - Dependencies all met for dep_context=requeueable deps ti=<TaskInstance: etl_stg_to_dwh_to_mart.task_dwh_to_mart scheduled__2025-04-19T03:30:00+00:00 [queued]>
[2025-04-20T06:32:10.142+0000] {taskinstance.py:2193} INFO - Starting attempt 1 of 1
[2025-04-20T06:32:10.168+0000] {taskinstance.py:2217} INFO - Executing <Task(PythonOperator): task_dwh_to_mart> on 2025-04-19 03:30:00+00:00
[2025-04-20T06:32:10.175+0000] {standard_task_runner.py:60} INFO - Started process 194 to run task
[2025-04-20T06:32:10.180+0000] {standard_task_runner.py:87} INFO - Running: ['***', 'tasks', 'run', 'etl_stg_to_dwh_to_mart', 'task_dwh_to_mart', 'scheduled__2025-04-19T03:30:00+00:00', '--job-id', '3', '--raw', '--subdir', 'DAGS_FOLDER/main_etl.py', '--cfg-path', '/tmp/tmp9s0dh7a6']
[2025-04-20T06:32:10.184+0000] {standard_task_runner.py:88} INFO - Job 3: Subtask task_dwh_to_mart
[2025-04-20T06:32:10.258+0000] {task_command.py:423} INFO - Running <TaskInstance: etl_stg_to_dwh_to_mart.task_dwh_to_mart scheduled__2025-04-19T03:30:00+00:00 [running]> on host d53bd6ff311d
[2025-04-20T06:32:10.387+0000] {taskinstance.py:2513} INFO - Exporting env vars: AIRFLOW_CTX_DAG_OWNER='***' AIRFLOW_CTX_DAG_ID='etl_stg_to_dwh_to_mart' AIRFLOW_CTX_TASK_ID='task_dwh_to_mart' AIRFLOW_CTX_EXECUTION_DATE='2025-04-19T03:30:00+00:00' AIRFLOW_CTX_TRY_NUMBER='1' AIRFLOW_CTX_DAG_RUN_ID='scheduled__2025-04-19T03:30:00+00:00'
[2025-04-20T06:32:10.389+0000] {dwh_to_mart.py:97} INFO - Starting ETL Process...
[2025-04-20T06:32:10.389+0000] {dwh_to_mart.py:46} INFO - Config validation passed
[2025-04-20T06:32:10.389+0000] {dwh_to_mart.py:51} INFO - Extracting data from raw.patient...
[2025-04-20T06:32:10.426+0000] {dwh_to_mart.py:62} INFO - Transforming data for dim_patient...
[2025-04-20T06:32:10.428+0000] {dwh_to_mart.py:72} INFO - Replacing data in dim_patient...
[2025-04-20T06:32:10.501+0000] {dwh_to_mart.py:88} INFO - Data successfully loaded into dim_patient
[2025-04-20T06:32:10.501+0000] {dwh_to_mart.py:51} INFO - Extracting data from raw.condition...
[2025-04-20T06:32:10.536+0000] {dwh_to_mart.py:62} INFO - Transforming data for dim_condition...
[2025-04-20T06:32:10.537+0000] {dwh_to_mart.py:72} INFO - Replacing data in dim_condition...
[2025-04-20T06:32:10.618+0000] {dwh_to_mart.py:88} INFO - Data successfully loaded into dim_condition
[2025-04-20T06:32:10.618+0000] {dwh_to_mart.py:51} INFO - Extracting data from raw.encounter...
[2025-04-20T06:32:10.644+0000] {dwh_to_mart.py:62} INFO - Transforming data for dim_encounter...
[2025-04-20T06:32:10.645+0000] {dwh_to_mart.py:72} INFO - Replacing data in dim_encounter...
[2025-04-20T06:32:10.724+0000] {dwh_to_mart.py:88} INFO - Data successfully loaded into dim_encounter
[2025-04-20T06:32:10.725+0000] {dwh_to_mart.py:51} INFO - Extracting data from raw.claim...
[2025-04-20T06:32:10.756+0000] {dwh_to_mart.py:62} INFO - Transforming data for dim_claim...
[2025-04-20T06:32:10.757+0000] {dwh_to_mart.py:72} INFO - Replacing data in dim_claim...
[2025-04-20T06:32:10.827+0000] {dwh_to_mart.py:88} INFO - Data successfully loaded into dim_claim
[2025-04-20T06:32:10.828+0000] {dwh_to_mart.py:51} INFO - Extracting data from ['raw.patient', 'raw.condition', 'raw.encounter', 'raw.claim', 'model.dim_time']...
[2025-04-20T06:32:10.872+0000] {dwh_to_mart.py:62} INFO - Transforming data for fact_medical_record...
[2025-04-20T06:32:10.873+0000] {dwh_to_mart.py:72} INFO - Replacing data in fact_medical_record...
[2025-04-20T06:32:11.026+0000] {dwh_to_mart.py:88} INFO - Data successfully loaded into fact_medical_record
[2025-04-20T06:32:11.026+0000] {dwh_to_mart.py:103} INFO - ETL Process Completed Successfully!
[2025-04-20T06:32:11.027+0000] {python.py:202} INFO - Done. Returned value was: None
[2025-04-20T06:32:11.048+0000] {taskinstance.py:1149} INFO - Marking task as SUCCESS. dag_id=etl_stg_to_dwh_to_mart, task_id=task_dwh_to_mart, execution_date=20250419T033000, start_date=20250420T063210, end_date=20250420T063211
[2025-04-20T06:32:11.116+0000] {local_task_job_runner.py:234} INFO - Task exited with return code 0
[2025-04-20T06:32:11.177+0000] {taskinstance.py:3312} INFO - 1 downstream tasks scheduled from follow-on schedule check
[2025-04-20T06:47:17.094+0000] {taskinstance.py:1979} INFO - Dependencies all met for dep_context=non-requeueable deps ti=<TaskInstance: etl_stg_to_dwh_to_mart.task_dwh_to_mart scheduled__2025-04-19T03:30:00+00:00 [queued]>
[2025-04-20T06:47:17.110+0000] {taskinstance.py:1979} INFO - Dependencies all met for dep_context=requeueable deps ti=<TaskInstance: etl_stg_to_dwh_to_mart.task_dwh_to_mart scheduled__2025-04-19T03:30:00+00:00 [queued]>
[2025-04-20T06:47:17.111+0000] {taskinstance.py:2193} INFO - Starting attempt 1 of 1
[2025-04-20T06:47:17.132+0000] {taskinstance.py:2217} INFO - Executing <Task(PythonOperator): task_dwh_to_mart> on 2025-04-19 03:30:00+00:00
[2025-04-20T06:47:17.142+0000] {standard_task_runner.py:60} INFO - Started process 236 to run task
[2025-04-20T06:47:17.146+0000] {standard_task_runner.py:87} INFO - Running: ['***', 'tasks', 'run', 'etl_stg_to_dwh_to_mart', 'task_dwh_to_mart', 'scheduled__2025-04-19T03:30:00+00:00', '--job-id', '3', '--raw', '--subdir', 'DAGS_FOLDER/main_etl.py', '--cfg-path', '/tmp/tmpdagj3_k3']
[2025-04-20T06:47:17.149+0000] {standard_task_runner.py:88} INFO - Job 3: Subtask task_dwh_to_mart
[2025-04-20T06:47:17.230+0000] {task_command.py:423} INFO - Running <TaskInstance: etl_stg_to_dwh_to_mart.task_dwh_to_mart scheduled__2025-04-19T03:30:00+00:00 [running]> on host 19902d242682
[2025-04-20T06:47:17.362+0000] {taskinstance.py:2513} INFO - Exporting env vars: AIRFLOW_CTX_DAG_OWNER='***' AIRFLOW_CTX_DAG_ID='etl_stg_to_dwh_to_mart' AIRFLOW_CTX_TASK_ID='task_dwh_to_mart' AIRFLOW_CTX_EXECUTION_DATE='2025-04-19T03:30:00+00:00' AIRFLOW_CTX_TRY_NUMBER='1' AIRFLOW_CTX_DAG_RUN_ID='scheduled__2025-04-19T03:30:00+00:00'
[2025-04-20T06:47:17.365+0000] {dwh_to_mart.py:97} INFO - Starting ETL Process...
[2025-04-20T06:47:17.366+0000] {dwh_to_mart.py:46} INFO - Config validation passed
[2025-04-20T06:47:17.367+0000] {dwh_to_mart.py:51} INFO - Extracting data from raw.patient...
[2025-04-20T06:47:17.411+0000] {dwh_to_mart.py:62} INFO - Transforming data for dim_patient...
[2025-04-20T06:47:17.413+0000] {dwh_to_mart.py:72} INFO - Replacing data in dim_patient...
[2025-04-20T06:47:17.487+0000] {dwh_to_mart.py:88} INFO - Data successfully loaded into dim_patient
[2025-04-20T06:47:17.488+0000] {dwh_to_mart.py:51} INFO - Extracting data from raw.condition...
[2025-04-20T06:47:17.515+0000] {dwh_to_mart.py:62} INFO - Transforming data for dim_condition...
[2025-04-20T06:47:17.516+0000] {dwh_to_mart.py:72} INFO - Replacing data in dim_condition...
[2025-04-20T06:47:17.606+0000] {dwh_to_mart.py:88} INFO - Data successfully loaded into dim_condition
[2025-04-20T06:47:17.607+0000] {dwh_to_mart.py:51} INFO - Extracting data from raw.encounter...
[2025-04-20T06:47:17.634+0000] {dwh_to_mart.py:62} INFO - Transforming data for dim_encounter...
[2025-04-20T06:47:17.635+0000] {dwh_to_mart.py:72} INFO - Replacing data in dim_encounter...
[2025-04-20T06:47:17.716+0000] {dwh_to_mart.py:88} INFO - Data successfully loaded into dim_encounter
[2025-04-20T06:47:17.717+0000] {dwh_to_mart.py:51} INFO - Extracting data from raw.claim...
[2025-04-20T06:47:17.746+0000] {dwh_to_mart.py:62} INFO - Transforming data for dim_claim...
[2025-04-20T06:47:17.747+0000] {dwh_to_mart.py:72} INFO - Replacing data in dim_claim...
[2025-04-20T06:47:17.812+0000] {dwh_to_mart.py:88} INFO - Data successfully loaded into dim_claim
[2025-04-20T06:47:17.812+0000] {dwh_to_mart.py:51} INFO - Extracting data from ['raw.patient', 'raw.condition', 'raw.encounter', 'raw.claim', 'model.dim_time']...
[2025-04-20T06:47:17.844+0000] {dwh_to_mart.py:62} INFO - Transforming data for fact_medical_record...
[2025-04-20T06:47:17.845+0000] {dwh_to_mart.py:72} INFO - Replacing data in fact_medical_record...
[2025-04-20T06:47:17.991+0000] {dwh_to_mart.py:88} INFO - Data successfully loaded into fact_medical_record
[2025-04-20T06:47:17.992+0000] {dwh_to_mart.py:103} INFO - ETL Process Completed Successfully!
[2025-04-20T06:47:17.992+0000] {python.py:202} INFO - Done. Returned value was: None
[2025-04-20T06:47:18.007+0000] {taskinstance.py:1149} INFO - Marking task as SUCCESS. dag_id=etl_stg_to_dwh_to_mart, task_id=task_dwh_to_mart, execution_date=20250419T033000, start_date=20250420T064717, end_date=20250420T064718
[2025-04-20T06:47:18.082+0000] {local_task_job_runner.py:234} INFO - Task exited with return code 0
[2025-04-20T06:47:18.131+0000] {taskinstance.py:3312} INFO - 1 downstream tasks scheduled from follow-on schedule check
