[2025-04-20T06:23:41.674+0000] {taskinstance.py:1979} INFO - Dependencies all met for dep_context=non-requeueable deps ti=<TaskInstance: etl_stg_to_dwh_to_mart.task_dwh_to_mart manual__2025-04-20T06:23:18.782472+00:00 [queued]>
[2025-04-20T06:23:41.691+0000] {taskinstance.py:1979} INFO - Dependencies all met for dep_context=requeueable deps ti=<TaskInstance: etl_stg_to_dwh_to_mart.task_dwh_to_mart manual__2025-04-20T06:23:18.782472+00:00 [queued]>
[2025-04-20T06:23:41.692+0000] {taskinstance.py:2193} INFO - Starting attempt 1 of 1
[2025-04-20T06:23:41.722+0000] {taskinstance.py:2217} INFO - Executing <Task(PythonOperator): task_dwh_to_mart> on 2025-04-20 06:23:18.782472+00:00
[2025-04-20T06:23:41.731+0000] {standard_task_runner.py:60} INFO - Started process 205 to run task
[2025-04-20T06:23:41.740+0000] {standard_task_runner.py:87} INFO - Running: ['***', 'tasks', 'run', 'etl_stg_to_dwh_to_mart', 'task_dwh_to_mart', 'manual__2025-04-20T06:23:18.782472+00:00', '--job-id', '4', '--raw', '--subdir', 'DAGS_FOLDER/main_etl.py', '--cfg-path', '/tmp/tmpvujnljyw']
[2025-04-20T06:23:41.743+0000] {standard_task_runner.py:88} INFO - Job 4: Subtask task_dwh_to_mart
[2025-04-20T06:23:41.836+0000] {task_command.py:423} INFO - Running <TaskInstance: etl_stg_to_dwh_to_mart.task_dwh_to_mart manual__2025-04-20T06:23:18.782472+00:00 [running]> on host 2bbd376576f1
[2025-04-20T06:23:41.994+0000] {taskinstance.py:2513} INFO - Exporting env vars: AIRFLOW_CTX_DAG_OWNER='***' AIRFLOW_CTX_DAG_ID='etl_stg_to_dwh_to_mart' AIRFLOW_CTX_TASK_ID='task_dwh_to_mart' AIRFLOW_CTX_EXECUTION_DATE='2025-04-20T06:23:18.782472+00:00' AIRFLOW_CTX_TRY_NUMBER='1' AIRFLOW_CTX_DAG_RUN_ID='manual__2025-04-20T06:23:18.782472+00:00'
[2025-04-20T06:23:41.996+0000] {dwh_to_mart.py:97} INFO - Starting ETL Process...
[2025-04-20T06:23:41.997+0000] {dwh_to_mart.py:46} INFO - Config validation passed
[2025-04-20T06:23:41.998+0000] {dwh_to_mart.py:51} INFO - Extracting data from raw.patient...
[2025-04-20T06:23:42.060+0000] {dwh_to_mart.py:62} INFO - Transforming data for dim_patient...
[2025-04-20T06:23:42.062+0000] {dwh_to_mart.py:72} INFO - Replacing data in dim_patient...
[2025-04-20T06:23:42.148+0000] {dwh_to_mart.py:90} ERROR - Error replacing data in dim_patient: 'Connection' object has no attribute 'commit'
[2025-04-20T06:23:42.149+0000] {dwh_to_mart.py:105} ERROR - ETL process failed: 'Connection' object has no attribute 'commit'
[2025-04-20T06:23:42.150+0000] {python.py:202} INFO - Done. Returned value was: None
[2025-04-20T06:23:42.176+0000] {taskinstance.py:1149} INFO - Marking task as SUCCESS. dag_id=etl_stg_to_dwh_to_mart, task_id=task_dwh_to_mart, execution_date=20250420T062318, start_date=20250420T062341, end_date=20250420T062342
[2025-04-20T06:23:42.237+0000] {local_task_job_runner.py:234} INFO - Task exited with return code 0
[2025-04-20T06:23:42.281+0000] {taskinstance.py:3312} INFO - 1 downstream tasks scheduled from follow-on schedule check
