[2025-04-20T06:35:53.122+0000] {taskinstance.py:1979} INFO - Dependencies all met for dep_context=non-requeueable deps ti=<TaskInstance: etl_stg_to_dwh_to_mart.task_dwh_to_mart manual__2025-04-20T06:35:35.381596+00:00 [queued]>
[2025-04-20T06:35:53.137+0000] {taskinstance.py:1979} INFO - Dependencies all met for dep_context=requeueable deps ti=<TaskInstance: etl_stg_to_dwh_to_mart.task_dwh_to_mart manual__2025-04-20T06:35:35.381596+00:00 [queued]>
[2025-04-20T06:35:53.138+0000] {taskinstance.py:2193} INFO - Starting attempt 1 of 1
[2025-04-20T06:35:53.162+0000] {taskinstance.py:2217} INFO - Executing <Task(PythonOperator): task_dwh_to_mart> on 2025-04-20 06:35:35.381596+00:00
[2025-04-20T06:35:53.173+0000] {standard_task_runner.py:60} INFO - Started process 248 to run task
[2025-04-20T06:35:53.179+0000] {standard_task_runner.py:87} INFO - Running: ['***', 'tasks', 'run', 'etl_stg_to_dwh_to_mart', 'task_dwh_to_mart', 'manual__2025-04-20T06:35:35.381596+00:00', '--job-id', '7', '--raw', '--subdir', 'DAGS_FOLDER/main_etl.py', '--cfg-path', '/tmp/tmpfsdy5_fu']
[2025-04-20T06:35:53.183+0000] {standard_task_runner.py:88} INFO - Job 7: Subtask task_dwh_to_mart
[2025-04-20T06:35:53.256+0000] {task_command.py:423} INFO - Running <TaskInstance: etl_stg_to_dwh_to_mart.task_dwh_to_mart manual__2025-04-20T06:35:35.381596+00:00 [running]> on host d53bd6ff311d
[2025-04-20T06:35:53.378+0000] {taskinstance.py:2513} INFO - Exporting env vars: AIRFLOW_CTX_DAG_OWNER='***' AIRFLOW_CTX_DAG_ID='etl_stg_to_dwh_to_mart' AIRFLOW_CTX_TASK_ID='task_dwh_to_mart' AIRFLOW_CTX_EXECUTION_DATE='2025-04-20T06:35:35.381596+00:00' AIRFLOW_CTX_TRY_NUMBER='1' AIRFLOW_CTX_DAG_RUN_ID='manual__2025-04-20T06:35:35.381596+00:00'
[2025-04-20T06:35:53.382+0000] {dwh_to_mart.py:97} INFO - Starting ETL Process...
[2025-04-20T06:35:53.383+0000] {dwh_to_mart.py:46} INFO - Config validation passed
[2025-04-20T06:35:53.383+0000] {dwh_to_mart.py:51} INFO - Extracting data from raw.patient...
[2025-04-20T06:35:53.417+0000] {dwh_to_mart.py:62} INFO - Transforming data for dim_patient...
[2025-04-20T06:35:53.418+0000] {dwh_to_mart.py:72} INFO - Replacing data in dim_patient...
[2025-04-20T06:35:53.481+0000] {dwh_to_mart.py:88} INFO - Data successfully loaded into dim_patient
[2025-04-20T06:35:53.482+0000] {dwh_to_mart.py:51} INFO - Extracting data from raw.condition...
[2025-04-20T06:35:53.511+0000] {dwh_to_mart.py:62} INFO - Transforming data for dim_condition...
[2025-04-20T06:35:53.513+0000] {dwh_to_mart.py:72} INFO - Replacing data in dim_condition...
[2025-04-20T06:35:53.589+0000] {dwh_to_mart.py:88} INFO - Data successfully loaded into dim_condition
[2025-04-20T06:35:53.590+0000] {dwh_to_mart.py:51} INFO - Extracting data from raw.encounter...
[2025-04-20T06:35:53.618+0000] {dwh_to_mart.py:62} INFO - Transforming data for dim_encounter...
[2025-04-20T06:35:53.619+0000] {dwh_to_mart.py:72} INFO - Replacing data in dim_encounter...
[2025-04-20T06:35:53.689+0000] {dwh_to_mart.py:88} INFO - Data successfully loaded into dim_encounter
[2025-04-20T06:35:53.690+0000] {dwh_to_mart.py:51} INFO - Extracting data from raw.claim...
[2025-04-20T06:35:53.720+0000] {dwh_to_mart.py:62} INFO - Transforming data for dim_claim...
[2025-04-20T06:35:53.721+0000] {dwh_to_mart.py:72} INFO - Replacing data in dim_claim...
[2025-04-20T06:35:53.782+0000] {dwh_to_mart.py:88} INFO - Data successfully loaded into dim_claim
[2025-04-20T06:35:53.783+0000] {dwh_to_mart.py:51} INFO - Extracting data from ['raw.patient', 'raw.condition', 'raw.encounter', 'raw.claim', 'model.dim_time']...
[2025-04-20T06:35:55.423+0000] {dwh_to_mart.py:62} INFO - Transforming data for fact_medical_record...
[2025-04-20T06:35:55.423+0000] {dwh_to_mart.py:72} INFO - Replacing data in fact_medical_record...
[2025-04-20T06:35:55.576+0000] {dwh_to_mart.py:88} INFO - Data successfully loaded into fact_medical_record
[2025-04-20T06:35:55.576+0000] {dwh_to_mart.py:103} INFO - ETL Process Completed Successfully!
[2025-04-20T06:35:55.577+0000] {python.py:202} INFO - Done. Returned value was: None
[2025-04-20T06:35:55.590+0000] {taskinstance.py:1149} INFO - Marking task as SUCCESS. dag_id=etl_stg_to_dwh_to_mart, task_id=task_dwh_to_mart, execution_date=20250420T063535, start_date=20250420T063553, end_date=20250420T063555
[2025-04-20T06:35:55.641+0000] {local_task_job_runner.py:234} INFO - Task exited with return code 0
[2025-04-20T06:35:55.682+0000] {taskinstance.py:3312} INFO - 1 downstream tasks scheduled from follow-on schedule check
