[2025-04-20T06:28:09.475+0000] {taskinstance.py:1979} INFO - Dependencies all met for dep_context=non-requeueable deps ti=<TaskInstance: etl_stg_to_dwh_to_mart.run_training_etl_function manual__2025-04-20T06:27:49.387672+00:00 [queued]>
[2025-04-20T06:28:09.495+0000] {taskinstance.py:1979} INFO - Dependencies all met for dep_context=requeueable deps ti=<TaskInstance: etl_stg_to_dwh_to_mart.run_training_etl_function manual__2025-04-20T06:27:49.387672+00:00 [queued]>
[2025-04-20T06:28:09.496+0000] {taskinstance.py:2193} INFO - Starting attempt 1 of 1
[2025-04-20T06:28:09.518+0000] {taskinstance.py:2217} INFO - Executing <Task(PythonOperator): run_training_etl_function> on 2025-04-20 06:27:49.387672+00:00
[2025-04-20T06:28:09.529+0000] {standard_task_runner.py:60} INFO - Started process 275 to run task
[2025-04-20T06:28:09.534+0000] {standard_task_runner.py:87} INFO - Running: ['***', 'tasks', 'run', 'etl_stg_to_dwh_to_mart', 'run_training_etl_function', 'manual__2025-04-20T06:27:49.387672+00:00', '--job-id', '10', '--raw', '--subdir', 'DAGS_FOLDER/main_etl.py', '--cfg-path', '/tmp/tmp1u3s18t4']
[2025-04-20T06:28:09.537+0000] {standard_task_runner.py:88} INFO - Job 10: Subtask run_training_etl_function
[2025-04-20T06:28:09.613+0000] {task_command.py:423} INFO - Running <TaskInstance: etl_stg_to_dwh_to_mart.run_training_etl_function manual__2025-04-20T06:27:49.387672+00:00 [running]> on host 2bbd376576f1
[2025-04-20T06:28:09.753+0000] {taskinstance.py:2513} INFO - Exporting env vars: AIRFLOW_CTX_DAG_OWNER='***' AIRFLOW_CTX_DAG_ID='etl_stg_to_dwh_to_mart' AIRFLOW_CTX_TASK_ID='run_training_etl_function' AIRFLOW_CTX_EXECUTION_DATE='2025-04-20T06:27:49.387672+00:00' AIRFLOW_CTX_TRY_NUMBER='1' AIRFLOW_CTX_DAG_RUN_ID='manual__2025-04-20T06:27:49.387672+00:00'
[2025-04-20T06:28:09.784+0000] {mart_report.py:47} INFO - Materialized view: public.mv_most_diagnose already exists
[2025-04-20T06:28:09.793+0000] {mart_report.py:51} INFO - Successfully refreshed materialized view: public.mv_most_diagnose
[2025-04-20T06:28:09.797+0000] {mart_report.py:47} INFO - Materialized view: public.mv_segmentation_patient already exists
[2025-04-20T06:28:09.821+0000] {mart_report.py:51} INFO - Successfully refreshed materialized view: public.mv_segmentation_patient
[2025-04-20T06:28:09.823+0000] {mart_report.py:47} INFO - Materialized view: public.mv_patient_claim already exists
[2025-04-20T06:28:09.855+0000] {mart_report.py:51} INFO - Successfully refreshed materialized view: public.mv_patient_claim
[2025-04-20T06:28:09.858+0000] {mart_report.py:47} INFO - Materialized view: public.mv_encounter_history already exists
[2025-04-20T06:28:09.881+0000] {mart_report.py:51} INFO - Successfully refreshed materialized view: public.mv_encounter_history
[2025-04-20T06:28:09.881+0000] {python.py:202} INFO - Done. Returned value was: None
[2025-04-20T06:28:09.891+0000] {taskinstance.py:1149} INFO - Marking task as SUCCESS. dag_id=etl_stg_to_dwh_to_mart, task_id=run_training_etl_function, execution_date=20250420T062749, start_date=20250420T062809, end_date=20250420T062809
[2025-04-20T06:28:09.948+0000] {local_task_job_runner.py:234} INFO - Task exited with return code 0
[2025-04-20T06:28:09.984+0000] {taskinstance.py:3312} INFO - 0 downstream tasks scheduled from follow-on schedule check
